<?xml version="1.0" encoding="UTF-8"?>
<!-- Generated by org.testng.reporters.JUnitReportReporter -->
<testsuite hostname="Ankush" failures="0" tests="3" name="LoginPageTest" time="10.769" errors="0" timestamp="2022-08-07T08:04:12 IST" skipped="0">
  <testcase classname="LoginPageTest" name="test1" time="5.198"/>
  <system-out/>
  <testcase classname="LoginPageTest" name="verifyKiteLogoTest" time="2.832"/>
  <system-out/>
  <testcase classname="LoginPageTest" name="verifyTitleTest" time="2.739"/>
  <system-out/>
</testsuite> <!-- LoginPageTest -->
