<?xml version="1.0" encoding="UTF-8"?>
<!-- Generated by org.testng.reporters.JUnitReportReporter -->
<testsuite hostname="Ankush" failures="0" tests="4" name="TestCases.ParallelTest" time="31.114" errors="0" timestamp="2022-08-16T12:54:59 IST" skipped="0">
  <testcase classname="TestCases.ParallelTest" name="openLinkedIn" time="6.697"/>
  <system-out/>
  <testcase classname="TestCases.ParallelTest" name="openFB" time="9.350"/>
  <system-out/>
  <testcase classname="TestCases.ParallelTest" name="openGoogle" time="9.743"/>
  <system-out/>
  <testcase classname="TestCases.ParallelTest" name="openKite" time="5.324"/>
  <system-out/>
</testsuite> <!-- TestCases.ParallelTest -->
