<?xml version="1.0" encoding="UTF-8"?>
<!-- Generated by org.testng.reporters.JUnitReportReporter -->
<testsuite hostname="Ankush" failures="0" tests="1" name="TestCases.OrderPageTest" time="13.347" errors="0" timestamp="2022-08-20T21:39:31 IST" skipped="0">
  <testcase classname="TestCases.OrderPageTest" name="verifyviewHistoryTest" time="13.347"/>
  <system-out/>
</testsuite> <!-- TestCases.OrderPageTest -->
