<?xml version="1.0" encoding="UTF-8"?>
<!-- Generated by org.testng.reporters.JUnitReportReporter -->
<testsuite hostname="Ankush" failures="0" tests="1" name="TestCases.ByeStocktest" time="35.969" errors="0" timestamp="2022-08-22T18:41:52 IST" skipped="0">
  <testcase classname="TestCases.ByeStocktest" name="verifyGoldBeesTest" time="35.969"/>
  <system-out/>
</testsuite> <!-- TestCases.ByeStocktest -->
