<?xml version="1.0" encoding="UTF-8"?>
<!-- Generated by org.testng.reporters.JUnitReportReporter -->
<testsuite hostname="Ankush" failures="0" tests="1" name="TestCases.AllAnnotationsTest" time="0.022" errors="0" timestamp="2022-08-15T22:03:18 IST" skipped="0">
  <testcase classname="TestCases.AllAnnotationsTest" name="test4" time="0.022"/>
  <system-out/>
</testsuite> <!-- TestCases.AllAnnotationsTest -->
